name: run
run_id: install_deps
env LANGUAGE: en_IN:en
env LANG: en_IN
env TERM: xterm-256color
env PATH: /home/rituraj/house_prices/deploying-machine-learning-models/section-06-model-serving-api/house-prices-api/.tox/test_app/bin:/home/rituraj/miniconda3/envs/myenv/bin:/home/rituraj/miniconda3/condabin:/home/rituraj/.local/bin:/usr/local/sbin:/usr/local/bin:/usr/sbin:/usr/bin:/sbin:/bin:/usr/games:/usr/local/games:/snap/bin
env PYTHONHASHSEED: 3802156142
env PIP_DISABLE_PIP_VERSION_CHECK: 1
env PYTHONIOENCODING: utf-8
env PYTHONPATH: .
env TOX_ENV_NAME: run
env TOX_WORK_DIR: /home/rituraj/house_prices/deploying-machine-learning-models/section-06-model-serving-api/house-prices-api/.tox
env TOX_ENV_DIR: /home/rituraj/house_prices/deploying-machine-learning-models/section-06-model-serving-api/house-prices-api/.tox/test_app
env VIRTUAL_ENV: /home/rituraj/house_prices/deploying-machine-learning-models/section-06-model-serving-api/house-prices-api/.tox/test_app
env COLUMNS: 183
env LINES: 45
metadata pid: 14332
cwd: /home/rituraj/house_prices/deploying-machine-learning-models/section-06-model-serving-api/house-prices-api
allow: /home/rituraj/house_prices/deploying-machine-learning-models/section-06-model-serving-api/house-prices-api/.tox/test_app/bin/*
cmd: pip install -r test_requirements.txt
exit_code: 0
Collecting uvicorn<0.18.0,>=0.16.0
  Using cached uvicorn-0.17.6-py3-none-any.whl (53 kB)
Collecting fastapi[all]<1.0.0,>=0.64.0
  Using cached fastapi-0.89.1-py3-none-any.whl (55 kB)
Collecting python-multipart<0.1.0,>=0.0.5
  Using cached python_multipart-0.0.5-py3-none-any.whl
Collecting pydantic<1.10.0,>=1.8.1
  Using cached pydantic-1.9.2-cp39-cp39-manylinux_2_17_x86_64.manylinux2014_x86_64.whl (12.4 MB)
Collecting typing_extensions<4.0.0,>=3.7.4
  Using cached typing_extensions-3.10.0.2-py3-none-any.whl (26 kB)
Collecting loguru<0.6.0,>=0.5.3
  Using cached loguru-0.5.3-py3-none-any.whl (57 kB)
Collecting tid-regression-model==3.0.3
  Using cached tid_regression_model-3.0.3-py3-none-any.whl (190 kB)
Collecting pytest<6.3.0,>=6.2.3
  Using cached pytest-6.2.5-py3-none-any.whl (280 kB)
Collecting requests<2.24.0,>=2.23.0
  Using cached requests-2.23.0-py2.py3-none-any.whl (58 kB)
Collecting black<23.0.0,>=22.0.0
  Using cached black-22.12.0-cp39-cp39-manylinux_2_17_x86_64.manylinux2014_x86_64.whl (1.6 MB)
Collecting flake8<3.10.0,>=3.9.0
  Using cached flake8-3.9.2-py2.py3-none-any.whl (73 kB)
Collecting mypy==0.812
  Using cached mypy-0.812-cp39-cp39-manylinux2010_x86_64.whl (22.7 MB)
Collecting isort==5.8.0
  Using cached isort-5.8.0-py3-none-any.whl (103 kB)
Collecting ruamel.yaml==0.16.12
  Using cached ruamel.yaml-0.16.12-py2.py3-none-any.whl (111 kB)
Collecting pandas<1.4.0,>=1.3.5
  Using cached pandas-1.3.5-cp39-cp39-manylinux_2_17_x86_64.manylinux2014_x86_64.whl (11.5 MB)
Collecting scikit-learn<0.25.0,>=0.24.0
  Using cached scikit_learn-0.24.2-cp39-cp39-manylinux2010_x86_64.whl (23.8 MB)
Collecting pydantic<1.10.0,>=1.8.1
  Using cached pydantic-1.8.2-cp39-cp39-manylinux2014_x86_64.whl (11.3 MB)
Collecting joblib<1.1.0,>=1.0.1
  Using cached joblib-1.0.1-py3-none-any.whl (303 kB)
Collecting feature-engine<1.1.0,>=1.0.2
  Using cached feature_engine-1.0.2-py2.py3-none-any.whl (152 kB)
Collecting strictyaml<1.4.0,>=1.3.2
  Using cached strictyaml-1.3.2-py3-none-any.whl
Collecting numpy<1.21.0,>=1.20.0
  Using cached numpy-1.20.3-cp39-cp39-manylinux_2_12_x86_64.manylinux2010_x86_64.whl (15.4 MB)
Collecting mypy-extensions<0.5.0,>=0.4.3
  Using cached mypy_extensions-0.4.3-py2.py3-none-any.whl (4.5 kB)
Collecting typed-ast<1.5.0,>=1.4.0
  Using cached typed_ast-1.4.3-cp39-cp39-manylinux1_x86_64.whl (769 kB)
Collecting asgiref>=3.4.0
  Using cached asgiref-3.6.0-py3-none-any.whl (23 kB)
Collecting click>=7.0
  Using cached click-8.1.3-py3-none-any.whl (96 kB)
Collecting h11>=0.8
  Using cached h11-0.14.0-py3-none-any.whl (58 kB)
Collecting starlette==0.22.0
  Using cached starlette-0.22.0-py3-none-any.whl (64 kB)
Collecting itsdangerous>=1.1.0
  Using cached itsdangerous-2.1.2-py3-none-any.whl (15 kB)
Collecting httpx>=0.23.0
  Using cached httpx-0.23.3-py3-none-any.whl (71 kB)
Collecting email-validator>=1.1.1
  Using cached email_validator-1.3.0-py2.py3-none-any.whl (22 kB)
Collecting pyyaml>=5.3.1
  Using cached PyYAML-6.0-cp39-cp39-manylinux_2_5_x86_64.manylinux1_x86_64.manylinux_2_12_x86_64.manylinux2010_x86_64.whl (661 kB)
Collecting ujson!=4.0.2,!=4.1.0,!=4.2.0,!=4.3.0,!=5.0.0,!=5.1.0,>=4.0.1
  Using cached ujson-5.7.0-cp39-cp39-manylinux_2_17_x86_64.manylinux2014_x86_64.whl (52 kB)
Collecting orjson>=3.2.1
  Using cached orjson-3.8.5-cp39-cp39-manylinux_2_28_x86_64.whl (140 kB)
Collecting uvicorn[standard]>=0.12.0
  Using cached uvicorn-0.20.0-py3-none-any.whl (56 kB)
Collecting jinja2>=2.11.2
  Using cached Jinja2-3.1.2-py3-none-any.whl (133 kB)
Collecting anyio<5,>=3.4.0
  Using cached anyio-3.6.2-py3-none-any.whl (80 kB)
Collecting six>=1.4.0
  Using cached six-1.16.0-py2.py3-none-any.whl (11 kB)
Collecting py>=1.8.2
  Using cached py-1.11.0-py2.py3-none-any.whl (98 kB)
Collecting pluggy<2.0,>=0.12
  Using cached pluggy-1.0.0-py2.py3-none-any.whl (13 kB)
Collecting attrs>=19.2.0
  Using cached attrs-22.2.0-py3-none-any.whl (60 kB)
Collecting iniconfig
  Using cached iniconfig-2.0.0-py3-none-any.whl (5.9 kB)
Collecting packaging
  Using cached packaging-23.0-py3-none-any.whl (42 kB)
Collecting toml
  Using cached toml-0.10.2-py2.py3-none-any.whl (16 kB)
Collecting certifi>=2017.4.17
  Using cached certifi-2022.12.7-py3-none-any.whl (155 kB)
Collecting idna<3,>=2.5
  Using cached idna-2.10-py2.py3-none-any.whl (58 kB)
Collecting urllib3!=1.25.0,!=1.25.1,<1.26,>=1.21.1
  Using cached urllib3-1.25.11-py2.py3-none-any.whl (127 kB)
Collecting chardet<4,>=3.0.2
  Using cached chardet-3.0.4-py2.py3-none-any.whl (133 kB)
Collecting platformdirs>=2
  Using cached platformdirs-2.6.2-py3-none-any.whl (14 kB)
Collecting tomli>=1.1.0
  Using cached tomli-2.0.1-py3-none-any.whl (12 kB)
Collecting pathspec>=0.9.0
  Using cached pathspec-0.10.3-py3-none-any.whl (29 kB)
Collecting pyflakes<2.4.0,>=2.3.0
  Using cached pyflakes-2.3.1-py2.py3-none-any.whl (68 kB)
Collecting mccabe<0.7.0,>=0.6.0
  Using cached mccabe-0.6.1-py2.py3-none-any.whl (8.6 kB)
Collecting pycodestyle<2.8.0,>=2.7.0
  Using cached pycodestyle-2.7.0-py2.py3-none-any.whl (41 kB)
Collecting dnspython>=1.15.0
  Using cached dnspython-2.2.1-py3-none-any.whl (269 kB)
Collecting scipy>=1.4.1
  Using cached scipy-1.10.0-cp39-cp39-manylinux_2_17_x86_64.manylinux2014_x86_64.whl (34.4 MB)
Collecting statsmodels>=0.11.1
  Using cached statsmodels-0.13.5-cp39-cp39-manylinux_2_17_x86_64.manylinux2014_x86_64.whl (9.9 MB)
Collecting rfc3986[idna2008]<2,>=1.3
  Using cached rfc3986-1.5.0-py2.py3-none-any.whl (31 kB)
Collecting httpcore<0.17.0,>=0.15.0
  Using cached httpcore-0.16.3-py3-none-any.whl (69 kB)
Collecting sniffio
  Using cached sniffio-1.3.0-py3-none-any.whl (10 kB)
Collecting MarkupSafe>=2.0
  Using cached MarkupSafe-2.1.1-cp39-cp39-manylinux_2_17_x86_64.manylinux2014_x86_64.whl (25 kB)
Collecting python-dateutil>=2.7.3
  Using cached python_dateutil-2.8.2-py2.py3-none-any.whl (247 kB)
Collecting pytz>=2017.3
  Using cached pytz-2022.7-py2.py3-none-any.whl (499 kB)
Collecting threadpoolctl>=2.0.0
  Using cached threadpoolctl-3.1.0-py3-none-any.whl (14 kB)
Collecting uvicorn[standard]>=0.12.0
  Using cached uvicorn-0.19.0-py3-none-any.whl (56 kB)
  Using cached uvicorn-0.18.3-py3-none-any.whl (57 kB)
  Using cached uvicorn-0.18.2-py3-none-any.whl (57 kB)
  Using cached uvicorn-0.18.1-py3-none-any.whl (57 kB)
  Using cached uvicorn-0.18.0-py3-none-any.whl (57 kB)
Collecting httptools>=0.4.0
  Using cached httptools-0.5.0-cp39-cp39-manylinux_2_5_x86_64.manylinux1_x86_64.manylinux_2_17_x86_64.manylinux2014_x86_64.whl (417 kB)
Collecting python-dotenv>=0.13
  Using cached python_dotenv-0.21.0-py3-none-any.whl (18 kB)
Collecting websockets>=10.0
  Using cached websockets-10.4-cp39-cp39-manylinux_2_5_x86_64.manylinux1_x86_64.manylinux_2_17_x86_64.manylinux2014_x86_64.whl (106 kB)
Collecting uvloop!=0.15.0,!=0.15.1,>=0.14.0
  Using cached uvloop-0.17.0-cp39-cp39-manylinux_2_17_x86_64.manylinux2014_x86_64.whl (4.2 MB)
Collecting watchgod>=0.6
  Using cached watchgod-0.8.2-py3-none-any.whl (12 kB)
Collecting patsy>=0.5.2
  Using cached patsy-0.5.3-py2.py3-none-any.whl (233 kB)
Installing collected packages: typing_extensions, typed-ast, ruamel.yaml, rfc3986, pytz, mypy-extensions, mccabe, chardet, websockets, uvloop, urllib3, ujson, tomli, toml, threadpoolctl, sniffio, six, pyyaml, python-dotenv, pyflakes, pydantic, pycodestyle, py, pluggy, platformdirs, pathspec, packaging, orjson, numpy, mypy, MarkupSafe, loguru, joblib, itsdangerous, isort, iniconfig, idna, httptools, h11, dnspython, click, certifi, attrs, asgiref, uvicorn, scipy, requests, python-multipart, python-dateutil, pytest, patsy, jinja2, flake8, email-validator, black, anyio, watchgod, strictyaml, starlette, scikit-learn, pandas, httpcore, statsmodels, httpx, fastapi, feature-engine, tid-regression-model
Successfully installed MarkupSafe-2.1.1 anyio-3.6.2 asgiref-3.6.0 attrs-22.2.0 black-22.12.0 certifi-2022.12.7 chardet-3.0.4 click-8.1.3 dnspython-2.2.1 email-validator-1.3.0 fastapi-0.89.1 feature-engine-1.0.2 flake8-3.9.2 h11-0.14.0 httpcore-0.16.3 httptools-0.5.0 httpx-0.23.3 idna-2.10 iniconfig-2.0.0 isort-5.8.0 itsdangerous-2.1.2 jinja2-3.1.2 joblib-1.0.1 loguru-0.5.3 mccabe-0.6.1 mypy-0.812 mypy-extensions-0.4.3 numpy-1.20.3 orjson-3.8.5 packaging-23.0 pandas-1.3.5 pathspec-0.10.3 patsy-0.5.3 platformdirs-2.6.2 pluggy-1.0.0 py-1.11.0 pycodestyle-2.7.0 pydantic-1.8.2 pyflakes-2.3.1 pytest-6.2.5 python-dateutil-2.8.2 python-dotenv-0.21.0 python-multipart-0.0.5 pytz-2022.7 pyyaml-6.0 requests-2.23.0 rfc3986-1.5.0 ruamel.yaml-0.16.12 scikit-learn-0.24.2 scipy-1.10.0 six-1.16.0 sniffio-1.3.0 starlette-0.22.0 statsmodels-0.13.5 strictyaml-1.3.2 threadpoolctl-3.1.0 tid-regression-model-3.0.3 toml-0.10.2 tomli-2.0.1 typed-ast-1.4.3 typing_extensions-3.10.0.2 ujson-5.7.0 urllib3-1.25.11 uvicorn-0.17.6 uvloop-0.17.0 watchgod-0.8.2 websockets-10.4
