name: run
run_id: commands[0]
env LANGUAGE: en_IN:en
env LANG: en_IN
env TERM: xterm-256color
env PATH: /home/rituraj/house_prices/deploying-machine-learning-models/section-06-model-serving-api/house-prices-api/.tox/test_app/bin:/home/rituraj/miniconda3/envs/myenv/bin:/home/rituraj/miniconda3/condabin:/home/rituraj/.local/bin:/usr/local/sbin:/usr/local/bin:/usr/sbin:/usr/bin:/sbin:/bin:/usr/games:/usr/local/games:/snap/bin
env PYTHONHASHSEED: 3802156142
env PIP_DISABLE_PIP_VERSION_CHECK: 1
env PYTHONIOENCODING: utf-8
env PYTHONPATH: .
env TOX_ENV_NAME: run
env TOX_WORK_DIR: /home/rituraj/house_prices/deploying-machine-learning-models/section-06-model-serving-api/house-prices-api/.tox
env TOX_ENV_DIR: /home/rituraj/house_prices/deploying-machine-learning-models/section-06-model-serving-api/house-prices-api/.tox/test_app
env VIRTUAL_ENV: /home/rituraj/house_prices/deploying-machine-learning-models/section-06-model-serving-api/house-prices-api/.tox/test_app
env COLUMNS: 183
env LINES: 45
metadata pid: 14354
cwd: /home/rituraj/house_prices/deploying-machine-learning-models/section-06-model-serving-api/house-prices-api
allow: /home/rituraj/house_prices/deploying-machine-learning-models/section-06-model-serving-api/house-prices-api/.tox/test_app/bin/*
cmd: python app/main.py
exit_code: -15
[32mINFO[0m:     127.0.0.1:58684 - "[1mGET / HTTP/1.1[0m" [32m200 OK[0m
[32mINFO[0m:     127.0.0.1:58684 - "[1mGET /favicon.ico HTTP/1.1[0m" [31m404 Not Found[0m
[32mINFO[0m:     127.0.0.1:58684 - "[1mGET /docs HTTP/1.1[0m" [32m200 OK[0m
[32mINFO[0m:     127.0.0.1:58684 - "[1mGET /api/v1/openapi.json HTTP/1.1[0m" [32m200 OK[0m
[32mINFO[0m:     127.0.0.1:58698 - "[1mGET /api/v1/health HTTP/1.1[0m" [32m200 OK[0m
[32mINFO[0m:     127.0.0.1:58698 - "[1mGET /api/v1/health HTTP/1.1[0m" [32m200 OK[0m
[32mINFO[0m:     127.0.0.1:47842 - "[1mPOST /api/v1/predict HTTP/1.1[0m" [32m200 OK[0m
[32mINFO[0m:     127.0.0.1:47842 - "[1mPOST /api/v1/predict HTTP/1.1[0m" [32m200 OK[0m
[32mINFO[0m:     127.0.0.1:57110 - "[1mPOST /api/v1/predict HTTP/1.1[0m" [32m200 OK[0m
[32mINFO[0m:     127.0.0.1:35572 - "[1mPOST /api/v1/predict HTTP/1.1[0m" [32m200 OK[0m
[32mINFO[0m:     127.0.0.1:35572 - "[1mPOST /api/v1/predict HTTP/1.1[0m" [32m200 OK[0m
[32mINFO[0m:     127.0.0.1:59404 - "[1mPOST /api/v1/predict HTTP/1.1[0m" [32m200 OK[0m
[32mINFO[0m:     127.0.0.1:59404 - "[1mPOST /api/v1/predict HTTP/1.1[0m" [32m200 OK[0m
[32mINFO[0m:     127.0.0.1:42358 - "[1mPOST /api/v1/predict HTTP/1.1[0m" [32m200 OK[0m
[32mINFO[0m:     127.0.0.1:42358 - "[1mPOST /api/v1/predict HTTP/1.1[0m" [32m200 OK[0m

standard error:
[32m2023-01-12 22:20:31.883[0m | [33m[1mWARNING [0m | [36m__main__[0m:[36m<module>[0m:[36m55[0m - [33m[1mRunning in development mode. Do not run like this in production.[0m
[32mINFO[0m:     Started server process [[36m14354[0m]
[32m2023-01-12 22:20:31.955[0m | [1mINFO    [0m | [36muvicorn.server[0m:[36mserve[0m:[36m75[0m - [1mStarted server process [14354][0m
[32mINFO[0m:     Waiting for application startup.
[32m2023-01-12 22:20:31.955[0m | [1mINFO    [0m | [36muvicorn.lifespan.on[0m:[36mstartup[0m:[36m45[0m - [1mWaiting for application startup.[0m
[32mINFO[0m:     Application startup complete.
[32m2023-01-12 22:20:31.956[0m | [1mINFO    [0m | [36muvicorn.lifespan.on[0m:[36mstartup[0m:[36m59[0m - [1mApplication startup complete.[0m
[32mINFO[0m:     Uvicorn running on [1mhttp://localhost:8001[0m (Press CTRL+C to quit)
[32m2023-01-12 22:20:31.957[0m | [1mINFO    [0m | [36muvicorn.server[0m:[36m_log_started_message[0m:[36m206[0m - [1mUvicorn running on http://localhost:8001 (Press CTRL+C to quit)[0m
[32m2023-01-12 22:21:07.505[0m | [1mINFO    [0m | [36mapp.api[0m:[36mpredict[0m:[36m40[0m - [1mMaking prediction on inputs: [HouseDataInputSchema(Alley=None, BedroomAbvGr=2, BldgType='1Fam', BsmtCond='TA', BsmtExposure='No', BsmtFinSF1=468.0, BsmtFinSF2=144.0, BsmtFinType1='Rec', BsmtFinType2='LwQ', BsmtFullBath=0.0, BsmtHalfBath=0.0, BsmtQual='TA', BsmtUnfSF=270.0, CentralAir='Y', Condition1='Feedr', Condition2='Norm', Electrical='SBrkr', EnclosedPorch=0, ExterCond='TA', ExterQual='TA', Exterior1st='VinylSd', Exterior2nd='VinylSd', Fence='MnPrv', FireplaceQu=None, Fireplaces=0, Foundation='CBlock', FullBath=1, Functional='Typ', GarageArea=730.0, GarageCars=1.0, GarageCond='TA', GarageFinish='Unf', GarageQual='TA', GarageType='Attchd', GarageYrBlt=1961.0, GrLivArea=896, HalfBath=0, Heating='GasA', HeatingQC='TA', HouseStyle='1Story', Id=None, KitchenAbvGr=1, KitchenQual='TA', LandContour='Lvl', LandSlope='Gtl', LotArea=11622, LotConfig='Inside', LotFrontage=80.0, LotShape='Reg', LowQualFinSF=0, MSSubClass=20, MSZoning='RH', MasVnrArea=0.0, MasVnrType='None', MiscFeature=None, MiscVal=0, MoSold=6, Neighborhood='NAmes', OpenPorchSF=0, OverallCond=6, OverallQual=5, PavedDrive='Y', PoolArea=0, PoolQC=None, RoofMatl='CompShg', RoofStyle='Gable', SaleCondition='Normal', SaleType='WD', ScreenPorch=120, Street='Pave', TotRmsAbvGrd=5, TotalBsmtSF=882.0, Utilities='AllPub', WoodDeckSF=140, YearBuilt=1961, YearRemodAdd=1961, YrSold=2010, FirstFlrSF=896, SecondFlrSF=0, ThreeSsnPortch=0)][0m
[32m2023-01-12 22:21:07.602[0m | [1mINFO    [0m | [36mapp.api[0m:[36mpredict[0m:[36m47[0m - [1mPrediction results: [113422.55344864173][0m
[32m2023-01-12 22:21:09.448[0m | [1mINFO    [0m | [36mapp.api[0m:[36mpredict[0m:[36m40[0m - [1mMaking prediction on inputs: [HouseDataInputSchema(Alley=None, BedroomAbvGr=2, BldgType='1Fam', BsmtCond='TA', BsmtExposure='No', BsmtFinSF1=468.0, BsmtFinSF2=144.0, BsmtFinType1='Rec', BsmtFinType2='LwQ', BsmtFullBath=0.0, BsmtHalfBath=0.0, BsmtQual='TA', BsmtUnfSF=270.0, CentralAir='Y', Condition1='Feedr', Condition2='Norm', Electrical='SBrkr', EnclosedPorch=0, ExterCond='TA', ExterQual='TA', Exterior1st='VinylSd', Exterior2nd='VinylSd', Fence='MnPrv', FireplaceQu=None, Fireplaces=0, Foundation='CBlock', FullBath=1, Functional='Typ', GarageArea=730.0, GarageCars=1.0, GarageCond='TA', GarageFinish='Unf', GarageQual='TA', GarageType='Attchd', GarageYrBlt=1961.0, GrLivArea=896, HalfBath=0, Heating='GasA', HeatingQC='TA', HouseStyle='1Story', Id=None, KitchenAbvGr=1, KitchenQual='TA', LandContour='Lvl', LandSlope='Gtl', LotArea=11622, LotConfig='Inside', LotFrontage=80.0, LotShape='Reg', LowQualFinSF=0, MSSubClass=20, MSZoning='RH', MasVnrArea=0.0, MasVnrType='None', MiscFeature=None, MiscVal=0, MoSold=6, Neighborhood='NAmes', OpenPorchSF=0, OverallCond=6, OverallQual=5, PavedDrive='Y', PoolArea=0, PoolQC=None, RoofMatl='CompShg', RoofStyle='Gable', SaleCondition='Normal', SaleType='WD', ScreenPorch=120, Street='Pave', TotRmsAbvGrd=5, TotalBsmtSF=882.0, Utilities='AllPub', WoodDeckSF=140, YearBuilt=1961, YearRemodAdd=1961, YrSold=2010, FirstFlrSF=896, SecondFlrSF=0, ThreeSsnPortch=0)][0m
[32m2023-01-12 22:21:09.541[0m | [1mINFO    [0m | [36mapp.api[0m:[36mpredict[0m:[36m47[0m - [1mPrediction results: [113422.55344864173][0m
[32m2023-01-12 22:21:20.841[0m | [1mINFO    [0m | [36mapp.api[0m:[36mpredict[0m:[36m40[0m - [1mMaking prediction on inputs: [HouseDataInputSchema(Alley=None, BedroomAbvGr=2, BldgType='1Fam', BsmtCond='TA', BsmtExposure='No', BsmtFinSF1=468.0, BsmtFinSF2=144.0, BsmtFinType1='Rec', BsmtFinType2='LwQ', BsmtFullBath=0.0, BsmtHalfBath=0.0, BsmtQual='TA', BsmtUnfSF=270.0, CentralAir='Y', Condition1='Feedr', Condition2='Norm', Electrical='SBrkr', EnclosedPorch=0, ExterCond='TA', ExterQual='TA', Exterior1st='VinylSd', Exterior2nd='VinylSd', Fence='MnPrv', FireplaceQu=None, Fireplaces=0, Foundation='CBlock', FullBath=1, Functional='Typ', GarageArea=730.0, GarageCars=1.0, GarageCond='TA', GarageFinish='Unf', GarageQual='TA', GarageType='Attchd', GarageYrBlt=1961.0, GrLivArea=896, HalfBath=0, Heating='GasA', HeatingQC='TA', HouseStyle='1Story', Id=None, KitchenAbvGr=1, KitchenQual='TA', LandContour='Lvl', LandSlope='Gtl', LotArea=11622, LotConfig='Inside', LotFrontage=80.0, LotShape='Reg', LowQualFinSF=0, MSSubClass=200, MSZoning='RH', MasVnrArea=0.0, MasVnrType='None', MiscFeature=None, MiscVal=0, MoSold=6, Neighborhood='NAmes', OpenPorchSF=0, OverallCond=6, OverallQual=5, PavedDrive='Y', PoolArea=0, PoolQC=None, RoofMatl='CompShg', RoofStyle='Gable', SaleCondition='Normal', SaleType='WD', ScreenPorch=120, Street='Pave', TotRmsAbvGrd=5, TotalBsmtSF=882.0, Utilities='AllPub', WoodDeckSF=140, YearBuilt=1961, YearRemodAdd=1961, YrSold=2010, FirstFlrSF=896, SecondFlrSF=0, ThreeSsnPortch=0)][0m
[32m2023-01-12 22:21:20.941[0m | [1mINFO    [0m | [36mapp.api[0m:[36mpredict[0m:[36m47[0m - [1mPrediction results: [110465.42823667164][0m
[32m2023-01-12 22:21:31.636[0m | [1mINFO    [0m | [36mapp.api[0m:[36mpredict[0m:[36m40[0m - [1mMaking prediction on inputs: [HouseDataInputSchema(Alley=None, BedroomAbvGr=2, BldgType='1Fam', BsmtCond='TA', BsmtExposure='No', BsmtFinSF1=468.0, BsmtFinSF2=144.0, BsmtFinType1='Rec', BsmtFinType2='LwQ', BsmtFullBath=0.0, BsmtHalfBath=0.0, BsmtQual='TA', BsmtUnfSF=270.0, CentralAir='Y', Condition1='Feedr', Condition2='Norm', Electrical='SBrkr', EnclosedPorch=0, ExterCond='TA', ExterQual='TA', Exterior1st='VinylSd', Exterior2nd='VinylSd', Fence='MnPrv', FireplaceQu=None, Fireplaces=0, Foundation='CBlock', FullBath=1, Functional='Typ', GarageArea=730.0, GarageCars=1.0, GarageCond='TA', GarageFinish='Unf', GarageQual='TA', GarageType='Attchd', GarageYrBlt=1961.0, GrLivArea=896, HalfBath=0, Heating='GasA', HeatingQC='TA', HouseStyle='1Story', Id=None, KitchenAbvGr=1, KitchenQual='TA', LandContour='Lvl', LandSlope='Gtl', LotArea=11622, LotConfig='Inside', LotFrontage=80.0, LotShape='Reg', LowQualFinSF=0, MSSubClass=300, MSZoning='RH', MasVnrArea=0.0, MasVnrType='None', MiscFeature=None, MiscVal=0, MoSold=6, Neighborhood='NAmes', OpenPorchSF=0, OverallCond=6, OverallQual=5, PavedDrive='Y', PoolArea=0, PoolQC=None, RoofMatl='CompShg', RoofStyle='Gable', SaleCondition='Normal', SaleType='WD', ScreenPorch=120, Street='Pave', TotRmsAbvGrd=5, TotalBsmtSF=882.0, Utilities='AllPub', WoodDeckSF=140, YearBuilt=1961, YearRemodAdd=1961, YrSold=2010, FirstFlrSF=896, SecondFlrSF=0, ThreeSsnPortch=0)][0m
[32m2023-01-12 22:21:31.726[0m | [1mINFO    [0m | [36mapp.api[0m:[36mpredict[0m:[36m47[0m - [1mPrediction results: [110465.42823667164][0m
[32m2023-01-12 22:21:36.659[0m | [1mINFO    [0m | [36mapp.api[0m:[36mpredict[0m:[36m40[0m - [1mMaking prediction on inputs: [HouseDataInputSchema(Alley=None, BedroomAbvGr=2, BldgType='1Fam', BsmtCond='TA', BsmtExposure='No', BsmtFinSF1=468.0, BsmtFinSF2=144.0, BsmtFinType1='Rec', BsmtFinType2='LwQ', BsmtFullBath=0.0, BsmtHalfBath=0.0, BsmtQual='TA', BsmtUnfSF=270.0, CentralAir='Y', Condition1='Feedr', Condition2='Norm', Electrical='SBrkr', EnclosedPorch=0, ExterCond='TA', ExterQual='TA', Exterior1st='VinylSd', Exterior2nd='VinylSd', Fence='MnPrv', FireplaceQu=None, Fireplaces=0, Foundation='CBlock', FullBath=1, Functional='Typ', GarageArea=730.0, GarageCars=1.0, GarageCond='TA', GarageFinish='Unf', GarageQual='TA', GarageType='Attchd', GarageYrBlt=1961.0, GrLivArea=896, HalfBath=0, Heating='GasA', HeatingQC='TA', HouseStyle='1Story', Id=None, KitchenAbvGr=1, KitchenQual='TA', LandContour='Lvl', LandSlope='Gtl', LotArea=11622, LotConfig='Inside', LotFrontage=80.0, LotShape='Reg', LowQualFinSF=0, MSSubClass=300, MSZoning='RH', MasVnrArea=0.0, MasVnrType='None', MiscFeature=None, MiscVal=0, MoSold=6, Neighborhood='NAmes', OpenPorchSF=0, OverallCond=6, OverallQual=5, PavedDrive='Y', PoolArea=0, PoolQC=None, RoofMatl='CompShg', RoofStyle='Gable', SaleCondition='Normal', SaleType='WD', ScreenPorch=120, Street='Pave', TotRmsAbvGrd=5, TotalBsmtSF=882.0, Utilities='AllPub', WoodDeckSF=140, YearBuilt=1961, YearRemodAdd=1961, YrSold=2010, FirstFlrSF=896, SecondFlrSF=0, ThreeSsnPortch=0)][0m
[32m2023-01-12 22:21:36.748[0m | [1mINFO    [0m | [36mapp.api[0m:[36mpredict[0m:[36m47[0m - [1mPrediction results: [110465.42823667164][0m
[32m2023-01-12 22:23:00.420[0m | [1mINFO    [0m | [36mapp.api[0m:[36mpredict[0m:[36m40[0m - [1mMaking prediction on inputs: [HouseDataInputSchema(Alley=None, BedroomAbvGr=2, BldgType='1Fam', BsmtCond='TA', BsmtExposure='No', BsmtFinSF1=468.0, BsmtFinSF2=144.0, BsmtFinType1='Rec', BsmtFinType2='LwQ', BsmtFullBath=0.0, BsmtHalfBath=0.0, BsmtQual='TA', BsmtUnfSF=270.0, CentralAir='Y', Condition1='Feedr', Condition2='Norm', Electrical='SBrkr', EnclosedPorch=0, ExterCond='TA', ExterQual='TA', Exterior1st='VinylSd', Exterior2nd='VinylSd', Fence='MnPrv', FireplaceQu=None, Fireplaces=0, Foundation='CBlock', FullBath=1, Functional='Typ', GarageArea=730.0, GarageCars=1.0, GarageCond='TA', GarageFinish='Unf', GarageQual='TA', GarageType='Attchd', GarageYrBlt=1961.0, GrLivArea=896, HalfBath=0, Heating='GasA', HeatingQC='TA', HouseStyle='1Story', Id=None, KitchenAbvGr=1, KitchenQual='TA', LandContour='Lvl', LandSlope='Gtl', LotArea=11622, LotConfig='Inside', LotFrontage=80.0, LotShape='Reg', LowQualFinSF=0, MSSubClass=30, MSZoning='RH', MasVnrArea=0.0, MasVnrType='None', MiscFeature=None, MiscVal=0, MoSold=6, Neighborhood='NAmes', OpenPorchSF=0, OverallCond=6, OverallQual=5, PavedDrive='Y', PoolArea=0, PoolQC=None, RoofMatl='CompShg', RoofStyle='Gable', SaleCondition='Normal', SaleType='WD', ScreenPorch=120, Street='Pave', TotRmsAbvGrd=5, TotalBsmtSF=882.0, Utilities='AllPub', WoodDeckSF=140, YearBuilt=1961, YearRemodAdd=1961, YrSold=2010, FirstFlrSF=896, SecondFlrSF=0, ThreeSsnPortch=0)][0m
[32m2023-01-12 22:23:00.504[0m | [1mINFO    [0m | [36mapp.api[0m:[36mpredict[0m:[36m47[0m - [1mPrediction results: [110101.25023306886][0m
[32m2023-01-12 22:23:01.522[0m | [1mINFO    [0m | [36mapp.api[0m:[36mpredict[0m:[36m40[0m - [1mMaking prediction on inputs: [HouseDataInputSchema(Alley=None, BedroomAbvGr=2, BldgType='1Fam', BsmtCond='TA', BsmtExposure='No', BsmtFinSF1=468.0, BsmtFinSF2=144.0, BsmtFinType1='Rec', BsmtFinType2='LwQ', BsmtFullBath=0.0, BsmtHalfBath=0.0, BsmtQual='TA', BsmtUnfSF=270.0, CentralAir='Y', Condition1='Feedr', Condition2='Norm', Electrical='SBrkr', EnclosedPorch=0, ExterCond='TA', ExterQual='TA', Exterior1st='VinylSd', Exterior2nd='VinylSd', Fence='MnPrv', FireplaceQu=None, Fireplaces=0, Foundation='CBlock', FullBath=1, Functional='Typ', GarageArea=730.0, GarageCars=1.0, GarageCond='TA', GarageFinish='Unf', GarageQual='TA', GarageType='Attchd', GarageYrBlt=1961.0, GrLivArea=896, HalfBath=0, Heating='GasA', HeatingQC='TA', HouseStyle='1Story', Id=None, KitchenAbvGr=1, KitchenQual='TA', LandContour='Lvl', LandSlope='Gtl', LotArea=11622, LotConfig='Inside', LotFrontage=80.0, LotShape='Reg', LowQualFinSF=0, MSSubClass=30, MSZoning='RH', MasVnrArea=0.0, MasVnrType='None', MiscFeature=None, MiscVal=0, MoSold=6, Neighborhood='NAmes', OpenPorchSF=0, OverallCond=6, OverallQual=5, PavedDrive='Y', PoolArea=0, PoolQC=None, RoofMatl='CompShg', RoofStyle='Gable', SaleCondition='Normal', SaleType='WD', ScreenPorch=120, Street='Pave', TotRmsAbvGrd=5, TotalBsmtSF=882.0, Utilities='AllPub', WoodDeckSF=140, YearBuilt=1961, YearRemodAdd=1961, YrSold=2010, FirstFlrSF=896, SecondFlrSF=0, ThreeSsnPortch=0)][0m
[32m2023-01-12 22:23:01.606[0m | [1mINFO    [0m | [36mapp.api[0m:[36mpredict[0m:[36m47[0m - [1mPrediction results: [110101.25023306886][0m
[32m2023-01-12 22:23:15.283[0m | [1mINFO    [0m | [36mapp.api[0m:[36mpredict[0m:[36m40[0m - [1mMaking prediction on inputs: [HouseDataInputSchema(Alley=None, BedroomAbvGr=2, BldgType='1Fam', BsmtCond='TA', BsmtExposure='No', BsmtFinSF1=468.0, BsmtFinSF2=144.0, BsmtFinType1='Rec', BsmtFinType2='LwQ', BsmtFullBath=0.0, BsmtHalfBath=0.0, BsmtQual='TA', BsmtUnfSF=270.0, CentralAir='Y', Condition1='Feedr', Condition2='Norm', Electrical='SBrkr', EnclosedPorch=0, ExterCond='TA', ExterQual='TA', Exterior1st='VinylSd', Exterior2nd='VinylSd', Fence='MnPrv', FireplaceQu=None, Fireplaces=0, Foundation='CBlock', FullBath=1, Functional='Typ', GarageArea=730.0, GarageCars=1.0, GarageCond='TA', GarageFinish='Unf', GarageQual='TA', GarageType='Attchd', GarageYrBlt=1961.0, GrLivArea=896, HalfBath=0, Heating='GasA', HeatingQC='TA', HouseStyle='1Story', Id=None, KitchenAbvGr=1, KitchenQual='TA', LandContour='Lvl', LandSlope='Gtl', LotArea=11622, LotConfig='Inside', LotFrontage=10.0, LotShape='Reg', LowQualFinSF=0, MSSubClass=30, MSZoning='RH', MasVnrArea=0.0, MasVnrType='None', MiscFeature=None, MiscVal=0, MoSold=6, Neighborhood='NAmes', OpenPorchSF=0, OverallCond=6, OverallQual=5, PavedDrive='Y', PoolArea=0, PoolQC=None, RoofMatl='CompShg', RoofStyle='Gable', SaleCondition='Normal', SaleType='WD', ScreenPorch=120, Street='Pave', TotRmsAbvGrd=5, TotalBsmtSF=882.0, Utilities='AllPub', WoodDeckSF=140, YearBuilt=1961, YearRemodAdd=1961, YrSold=2010, FirstFlrSF=896, SecondFlrSF=0, ThreeSsnPortch=0)][0m
[32m2023-01-12 22:23:15.370[0m | [1mINFO    [0m | [36mapp.api[0m:[36mpredict[0m:[36m47[0m - [1mPrediction results: [109685.98755671209][0m
[32m2023-01-12 22:23:16.246[0m | [1mINFO    [0m | [36mapp.api[0m:[36mpredict[0m:[36m40[0m - [1mMaking prediction on inputs: [HouseDataInputSchema(Alley=None, BedroomAbvGr=2, BldgType='1Fam', BsmtCond='TA', BsmtExposure='No', BsmtFinSF1=468.0, BsmtFinSF2=144.0, BsmtFinType1='Rec', BsmtFinType2='LwQ', BsmtFullBath=0.0, BsmtHalfBath=0.0, BsmtQual='TA', BsmtUnfSF=270.0, CentralAir='Y', Condition1='Feedr', Condition2='Norm', Electrical='SBrkr', EnclosedPorch=0, ExterCond='TA', ExterQual='TA', Exterior1st='VinylSd', Exterior2nd='VinylSd', Fence='MnPrv', FireplaceQu=None, Fireplaces=0, Foundation='CBlock', FullBath=1, Functional='Typ', GarageArea=730.0, GarageCars=1.0, GarageCond='TA', GarageFinish='Unf', GarageQual='TA', GarageType='Attchd', GarageYrBlt=1961.0, GrLivArea=896, HalfBath=0, Heating='GasA', HeatingQC='TA', HouseStyle='1Story', Id=None, KitchenAbvGr=1, KitchenQual='TA', LandContour='Lvl', LandSlope='Gtl', LotArea=11622, LotConfig='Inside', LotFrontage=10.0, LotShape='Reg', LowQualFinSF=0, MSSubClass=30, MSZoning='RH', MasVnrArea=0.0, MasVnrType='None', MiscFeature=None, MiscVal=0, MoSold=6, Neighborhood='NAmes', OpenPorchSF=0, OverallCond=6, OverallQual=5, PavedDrive='Y', PoolArea=0, PoolQC=None, RoofMatl='CompShg', RoofStyle='Gable', SaleCondition='Normal', SaleType='WD', ScreenPorch=120, Street='Pave', TotRmsAbvGrd=5, TotalBsmtSF=882.0, Utilities='AllPub', WoodDeckSF=140, YearBuilt=1961, YearRemodAdd=1961, YrSold=2010, FirstFlrSF=896, SecondFlrSF=0, ThreeSsnPortch=0)][0m
[32m2023-01-12 22:23:16.340[0m | [1mINFO    [0m | [36mapp.api[0m:[36mpredict[0m:[36m47[0m - [1mPrediction results: [109685.98755671209][0m
[32mINFO[0m:     Shutting down
[32m2023-01-12 22:23:48.056[0m | [1mINFO    [0m | [36muvicorn.server[0m:[36mshutdown[0m:[36m252[0m - [1mShutting down[0m
[32mINFO[0m:     Finished server process [[36m14354[0m]
[32m2023-01-12 22:23:48.157[0m | [1mINFO    [0m | [36muvicorn.server[0m:[36mserve[0m:[36m85[0m - [1mFinished server process [14354][0m
[31mERROR[0m:    Traceback (most recent call last):
  File "/home/rituraj/house_prices/deploying-machine-learning-models/section-06-model-serving-api/house-prices-api/.tox/test_app/lib/python3.9/site-packages/starlette/routing.py", line 674, in lifespan
    await receive()
  File "/home/rituraj/house_prices/deploying-machine-learning-models/section-06-model-serving-api/house-prices-api/.tox/test_app/lib/python3.9/site-packages/uvicorn/lifespan/on.py", line 135, in receive
    return await self.receive_queue.get()
  File "/home/rituraj/miniconda3/envs/myenv/lib/python3.9/asyncio/queues.py", line 166, in get
    await getter
asyncio.exceptions.CancelledError

[32m2023-01-12 22:23:48.159[0m | [31m[1mERROR   [0m | [36muvicorn.lifespan.on[0m:[36msend[0m:[36m132[0m - [31m[1mTraceback (most recent call last):
  File "/home/rituraj/house_prices/deploying-machine-learning-models/section-06-model-serving-api/house-prices-api/.tox/test_app/lib/python3.9/site-packages/starlette/routing.py", line 674, in lifespan
    await receive()
  File "/home/rituraj/house_prices/deploying-machine-learning-models/section-06-model-serving-api/house-prices-api/.tox/test_app/lib/python3.9/site-packages/uvicorn/lifespan/on.py", line 135, in receive
    return await self.receive_queue.get()
  File "/home/rituraj/miniconda3/envs/myenv/lib/python3.9/asyncio/queues.py", line 166, in get
    await getter
asyncio.exceptions.CancelledError
[0m
